\BOOKMARK [0][-]{chapter.1}{\376\377\000I\000n\000t\000r\000o\000d\000u\000c\000t\000i\000o\000n}{}% 1
\BOOKMARK [1][-]{section.1.1}{\376\377\000H\000o\000w\000\040\000T\000o\000\040\000U\000s\000e\000\040\000T\000h\000i\000s\000\040\000D\000o\000c\000u\000m\000e\000n\000t}{chapter.1}% 2
\BOOKMARK [0][-]{chapter.2}{\376\377\000C\000C\000P\000P\000\040\000O\000v\000e\000r\000v\000i\000e\000w}{}% 3
\BOOKMARK [0][-]{chapter.3}{\376\377\000C\000C\000P\000P\000-\000C\000o\000m\000p\000l\000i\000a\000n\000t\000\040\000P\000h\000y\000s\000i\000c\000s\000\040\000P\000a\000r\000a\000m\000e\000t\000e\000r\000i\000z\000a\000t\000i\000o\000n\000s}{}% 4
\BOOKMARK [1][-]{section.3.1}{\376\377\000G\000e\000n\000e\000r\000a\000l\000\040\000r\000u\000l\000e\000s}{chapter.3}% 5
\BOOKMARK [1][-]{section.3.2}{\376\377\000I\000n\000p\000u\000t\000/\000o\000u\000t\000p\000u\000t\000\040\000v\000a\000r\000i\000a\000b\000l\000e\000\040\000\050\000a\000r\000g\000u\000m\000e\000n\000t\000\051\000\040\000r\000u\000l\000e\000s}{chapter.3}% 6
\BOOKMARK [1][-]{section.3.3}{\376\377\000C\000o\000d\000i\000n\000g\000\040\000r\000u\000l\000e\000s}{chapter.3}% 7
\BOOKMARK [1][-]{section.3.4}{\376\377\000P\000a\000r\000a\000l\000l\000e\000l\000\040\000p\000r\000o\000g\000r\000a\000m\000m\000i\000n\000g\000\040\000r\000u\000l\000e\000s}{chapter.3}% 8
\BOOKMARK [0][-]{chapter.4}{\376\377\000S\000c\000i\000e\000n\000t\000i\000f\000i\000c\000\040\000D\000o\000c\000u\000m\000e\000n\000t\000a\000t\000i\000o\000n\000\040\000R\000u\000l\000e\000s}{}% 9
\BOOKMARK [1][-]{section.4.1}{\376\377\000D\000o\000x\000y\000g\000e\000n\000\040\000c\000o\000m\000m\000e\000n\000t\000s\000\040\000a\000n\000d\000\040\000c\000o\000m\000m\000a\000n\000d\000s}{chapter.4}% 10
\BOOKMARK [1][-]{section.4.2}{\376\377\000D\000o\000x\000y\000g\000e\000n\000\040\000D\000o\000c\000u\000m\000e\000n\000t\000a\000t\000i\000o\000n\000\040\000S\000t\000y\000l\000e}{chapter.4}% 11
\BOOKMARK [2][-]{subsection.4.2.1}{\376\377\000D\000o\000x\000y\000g\000e\000n\000\040\000f\000i\000l\000e\000s}{section.4.2}% 12
\BOOKMARK [2][-]{subsection.4.2.2}{\376\377\000D\000o\000x\000y\000g\000e\000n\000\040\000O\000v\000e\000r\000v\000i\000e\000w\000\040\000P\000a\000g\000e}{section.4.2}% 13
\BOOKMARK [2][-]{subsection.4.2.3}{\376\377\000P\000h\000y\000s\000i\000c\000s\000\040\000S\000c\000h\000e\000m\000e\000\040\000P\000a\000g\000e\000s}{section.4.2}% 14
\BOOKMARK [2][-]{subsection.4.2.4}{\376\377\000D\000o\000x\000y\000g\000e\000n\000\040\000M\000o\000d\000u\000l\000e\000s}{section.4.2}% 15
\BOOKMARK [2][-]{subsection.4.2.5}{\376\377\000B\000i\000b\000l\000i\000o\000g\000r\000a\000p\000h\000y}{section.4.2}% 16
\BOOKMARK [2][-]{subsection.4.2.6}{\376\377\000E\000q\000u\000a\000t\000i\000o\000n\000s}{section.4.2}% 17
\BOOKMARK [1][-]{section.4.3}{\376\377\000D\000o\000x\000y\000g\000e\000n\000\040\000C\000o\000n\000f\000i\000g\000u\000r\000a\000t\000i\000o\000n}{chapter.4}% 18
\BOOKMARK [2][-]{subsection.4.3.1}{\376\377\000C\000o\000n\000f\000i\000g\000u\000r\000a\000t\000i\000o\000n\000\040\000f\000i\000l\000e}{section.4.3}% 19
\BOOKMARK [2][-]{subsection.4.3.2}{\376\377\000D\000i\000a\000g\000r\000a\000m\000s}{section.4.3}% 20
\BOOKMARK [1][-]{section.4.4}{\376\377\000U\000s\000i\000n\000g\000\040\000D\000o\000x\000y\000g\000e\000n}{chapter.4}% 21
\BOOKMARK [0][-]{chapter.5}{\376\377\000C\000o\000n\000f\000i\000g\000u\000r\000i\000n\000g\000\040\000a\000n\000d\000\040\000B\000u\000i\000l\000d\000i\000n\000g\000\040\000O\000p\000t\000i\000o\000n\000s\000\040\000\050\000W\000e\000i\000w\000e\000i\000\051}{}% 22
\BOOKMARK [0][-]{chapter.6}{\376\377\000B\000u\000i\000l\000d\000i\000n\000g\000\040\000a\000n\000d\000\040\000R\000u\000n\000n\000i\000n\000g\000\040\000H\000o\000s\000t\000\040\000M\000o\000d\000e\000l\000s\000\040\000\050\000W\000e\000i\000w\000e\000i\000\051}{}% 23
\BOOKMARK [0][-]{chapter.7}{\376\377\000A\000d\000d\000i\000n\000g\000\040\000a\000\040\000n\000e\000w\000\040\000s\000c\000h\000e\000m\000e\000\040\000\050\000W\000e\000i\000w\000e\000i\000\051}{}% 24
\BOOKMARK [0][-]{chapter.8}{\376\377\000G\000l\000o\000s\000s\000a\000r\000y}{}% 25
\BOOKMARK [0][-]{chapter*.25}{\376\377\000B\000i\000b\000l\000i\000o\000g\000r\000a\000p\000h\000y}{}% 26
\BOOKMARK [0][-]{section*.26}{\376\377\000I\000n\000d\000e\000x}{}% 27
